This is pdfTeX, Version 3.141592653-2.6-1.40.26 (TeX Live 2024) (preloaded format=pdflatex 2025.1.21)  27 JAN 2025 12:55
entering extended mode
 restricted \write18 enabled.
 %&-line parsing enabled.
**NEA.tex
(./NEA.tex
LaTeX2e <2024-11-01> patch level 1
L3 programming layer <2024-12-25>
(c:/Users/JSnelson/AppData/Roaming/TinyTeX/texmf-dist/tex/latex/base/article.cls
Document Class: article 2024/06/29 v1.4n Standard LaTeX document class
(c:/Users/JSnelson/AppData/Roaming/TinyTeX/texmf-dist/tex/latex/base/size10.clo
File: size10.clo 2024/06/29 v1.4n Standard LaTeX file (size option)
)
\c@part=\count196
\c@section=\count197
\c@subsection=\count198
\c@subsubsection=\count199
\c@paragraph=\count266
\c@subparagraph=\count267
\c@figure=\count268
\c@table=\count269
\abovecaptionskip=\skip49
\belowcaptionskip=\skip50
\bibindent=\dimen141
) (c:/Users/JSnelson/AppData/Roaming/TinyTeX/texmf-dist/tex/latex/amsmath/amsmath.sty
Package: amsmath 2024/11/05 v2.17t AMS math features
\@mathmargin=\skip51

For additional information on amsmath, use the `?' option.
(c:/Users/JSnelson/AppData/Roaming/TinyTeX/texmf-dist/tex/latex/amsmath/amstext.sty
Package: amstext 2021/08/26 v2.01 AMS text
 (c:/Users/JSnelson/AppData/Roaming/TinyTeX/texmf-dist/tex/latex/amsmath/amsgen.sty
File: amsgen.sty 1999/11/30 v2.0 generic functions
\@emptytoks=\toks17
\ex@=\dimen142
)) (c:/Users/JSnelson/AppData/Roaming/TinyTeX/texmf-dist/tex/latex/amsmath/amsbsy.sty
Package: amsbsy 1999/11/29 v1.2d Bold Symbols
\pmbraise@=\dimen143
) (c:/Users/JSnelson/AppData/Roaming/TinyTeX/texmf-dist/tex/latex/amsmath/amsopn.sty
Package: amsopn 2022/04/08 v2.04 operator names
)
\inf@bad=\count270
LaTeX Info: Redefining \frac on input line 233.
\uproot@=\count271
\leftroot@=\count272
LaTeX Info: Redefining \overline on input line 398.
LaTeX Info: Redefining \colon on input line 409.
\classnum@=\count273
\DOTSCASE@=\count274
LaTeX Info: Redefining \ldots on input line 495.
LaTeX Info: Redefining \dots on input line 498.
LaTeX Info: Redefining \cdots on input line 619.
\Mathstrutbox@=\box52
\strutbox@=\box53
LaTeX Info: Redefining \big on input line 721.
LaTeX Info: Redefining \Big on input line 722.
LaTeX Info: Redefining \bigg on input line 723.
LaTeX Info: Redefining \Bigg on input line 724.
\big@size=\dimen144
LaTeX Font Info:    Redeclaring font encoding OML on input line 742.
LaTeX Font Info:    Redeclaring font encoding OMS on input line 743.
\macc@depth=\count275
LaTeX Info: Redefining \bmod on input line 904.
LaTeX Info: Redefining \pmod on input line 909.
LaTeX Info: Redefining \smash on input line 939.
LaTeX Info: Redefining \relbar on input line 969.
LaTeX Info: Redefining \Relbar on input line 970.
\c@MaxMatrixCols=\count276
\dotsspace@=\muskip17
\c@parentequation=\count277
\dspbrk@lvl=\count278
\tag@help=\toks18
\row@=\count279
\column@=\count280
\maxfields@=\count281
\andhelp@=\toks19
\eqnshift@=\dimen145
\alignsep@=\dimen146
\tagshift@=\dimen147
\tagwidth@=\dimen148
\totwidth@=\dimen149
\lineht@=\dimen150
\@envbody=\toks20
\multlinegap=\skip52
\multlinetaggap=\skip53
\mathdisplay@stack=\toks21
LaTeX Info: Redefining \[ on input line 2953.
LaTeX Info: Redefining \] on input line 2954.
) (c:/Users/JSnelson/AppData/Roaming/TinyTeX/texmf-dist/tex/latex/fancyhdr/fancyhdr.sty
Package: fancyhdr 2025/01/07 v5.1.1 Extensive control of page headers and footers
\f@nch@headwidth=\skip54
\f@nch@offset@elh=\skip55
\f@nch@offset@erh=\skip56
\f@nch@offset@olh=\skip57
\f@nch@offset@orh=\skip58
\f@nch@offset@elf=\skip59
\f@nch@offset@erf=\skip60
\f@nch@offset@olf=\skip61
\f@nch@offset@orf=\skip62
\f@nch@height=\skip63
\f@nch@footalignment=\skip64
\f@nch@widthL=\skip65
\f@nch@widthC=\skip66
\f@nch@widthR=\skip67
\@temptokenb=\toks22
) (c:/Users/JSnelson/AppData/Roaming/TinyTeX/texmf-dist/tex/latex/listings/listings.sty (c:/Users/JSnelson/AppData/Roaming/TinyTeX/texmf-dist/tex/latex/graphics/keyval.sty
Package: keyval 2022/05/29 v1.15 key=value parser (DPC)
\KV@toks@=\toks23
)
\lst@mode=\count282
\lst@gtempboxa=\box54
\lst@token=\toks24
\lst@length=\count283
\lst@currlwidth=\dimen151
\lst@column=\count284
\lst@pos=\count285
\lst@lostspace=\dimen152
\lst@width=\dimen153
\lst@newlines=\count286
\lst@lineno=\count287
\lst@maxwidth=\dimen154
 (c:/Users/JSnelson/AppData/Roaming/TinyTeX/texmf-dist/tex/latex/listings/lstpatch.sty
File: lstpatch.sty 2024/09/23 1.10c (Carsten Heinz)
) (c:/Users/JSnelson/AppData/Roaming/TinyTeX/texmf-dist/tex/latex/listings/lstmisc.sty
File: lstmisc.sty 2024/09/23 1.10c (Carsten Heinz)
\c@lstnumber=\count288
\lst@skipnumbers=\count289
\lst@framebox=\box55
) (c:/Users/JSnelson/AppData/Roaming/TinyTeX/texmf-dist/tex/latex/listings/listings.cfg
File: listings.cfg 2024/09/23 1.10c listings configuration
))
Package: listings 2024/09/23 1.10c (Carsten Heinz)
 (c:/Users/JSnelson/AppData/Roaming/TinyTeX/texmf-dist/tex/latex/caption/subcaption.sty
Package: subcaption 2023/07/28 v1.6b Sub-captions (AR)
 (c:/Users/JSnelson/AppData/Roaming/TinyTeX/texmf-dist/tex/latex/caption/caption.sty
Package: caption 2023/08/05 v3.6o Customizing captions (AR)
 (c:/Users/JSnelson/AppData/Roaming/TinyTeX/texmf-dist/tex/latex/caption/caption3.sty
Package: caption3 2023/07/31 v2.4d caption3 kernel (AR)
\caption@tempdima=\dimen155
\captionmargin=\dimen156
\caption@leftmargin=\dimen157
\caption@rightmargin=\dimen158
\caption@width=\dimen159
\caption@indent=\dimen160
\caption@parindent=\dimen161
\caption@hangindent=\dimen162
Package caption Info: Standard document class detected.
)
\c@caption@flags=\count290
\c@continuedfloat=\count291
Package caption Info: listings package is loaded.
)
Package caption Info: New subtype `subfigure' on input line 238.
\c@subfigure=\count292
Package caption Info: New subtype `subtable' on input line 238.
\c@subtable=\count293
) (c:/Users/JSnelson/AppData/Roaming/TinyTeX/texmf-dist/tex/latex/graphics/graphicx.sty
Package: graphicx 2021/09/16 v1.2d Enhanced LaTeX Graphics (DPC,SPQR)
 (c:/Users/JSnelson/AppData/Roaming/TinyTeX/texmf-dist/tex/latex/graphics/graphics.sty
Package: graphics 2024/08/06 v1.4g Standard LaTeX Graphics (DPC,SPQR)
 (c:/Users/JSnelson/AppData/Roaming/TinyTeX/texmf-dist/tex/latex/graphics/trig.sty
Package: trig 2023/12/02 v1.11 sin cos tan (DPC)
) (c:/Users/JSnelson/AppData/Roaming/TinyTeX/texmf-dist/tex/latex/graphics-cfg/graphics.cfg
File: graphics.cfg 2016/06/04 v1.11 sample graphics configuration
)
Package graphics Info: Driver file: pdftex.def on input line 106.
 (c:/Users/JSnelson/AppData/Roaming/TinyTeX/texmf-dist/tex/latex/graphics-def/pdftex.def
File: pdftex.def 2024/04/13 v1.2c Graphics/color driver for pdftex
))
\Gin@req@height=\dimen163
\Gin@req@width=\dimen164
) (c:/Users/JSnelson/AppData/Roaming/TinyTeX/texmf-dist/tex/latex/float/float.sty
Package: float 2001/11/08 v1.3d Float enhancements (AL)
\c@float@type=\count294
\float@exts=\toks25
\float@box=\box56
\@float@everytoks=\toks26
\@floatcapt=\box57
) (c:/Users/JSnelson/AppData/Roaming/TinyTeX/texmf-dist/tex/latex/multirow/multirow.sty
Package: multirow 2024/11/12 v2.9 Span multiple rows of a table
\multirow@colwidth=\skip68
\multirow@cntb=\count295
\multirow@dima=\skip69
\bigstrutjot=\dimen165
) (c:/Users/JSnelson/AppData/Roaming/TinyTeX/texmf-dist/tex/latex/pgfplots/pgfplotstable.sty (c:/Users/JSnelson/AppData/Roaming/TinyTeX/texmf-dist/tex/generic/pgfplots/pgfplots.revision.tex)
Package: pgfplotstable 2021/05/15 v1.18.1 Table typesetting and Pretty-printing (1.18.1)
 (c:/Users/JSnelson/AppData/Roaming/TinyTeX/texmf-dist/tex/latex/pgfplots/pgfplots.sty (c:/Users/JSnelson/AppData/Roaming/TinyTeX/texmf-dist/tex/generic/pgfplots/pgfplots.revision.tex)
Package: pgfplots 2021/05/15 v1.18.1 Data Visualization (1.18.1)
 (c:/Users/JSnelson/AppData/Roaming/TinyTeX/texmf-dist/tex/latex/pgf/frontendlayer/tikz.sty (c:/Users/JSnelson/AppData/Roaming/TinyTeX/texmf-dist/tex/latex/pgf/basiclayer/pgf.sty (c:/Users/JSnelson/AppData/Roaming/TinyTeX/texmf-dist/tex/latex/pgf/utilities/pgfrcs.sty (c:/Users/JSnelson/AppData/Roaming/TinyTeX/texmf-dist/tex/generic/pgf/utilities/pgfutil-common.tex
\pgfutil@everybye=\toks27
\pgfutil@tempdima=\dimen166
\pgfutil@tempdimb=\dimen167
) (c:/Users/JSnelson/AppData/Roaming/TinyTeX/texmf-dist/tex/generic/pgf/utilities/pgfutil-latex.def
\pgfutil@abb=\box58
) (c:/Users/JSnelson/AppData/Roaming/TinyTeX/texmf-dist/tex/generic/pgf/utilities/pgfrcs.code.tex (c:/Users/JSnelson/AppData/Roaming/TinyTeX/texmf-dist/tex/generic/pgf/pgf.revision.tex)
Package: pgfrcs 2023-01-15 v3.1.10 (3.1.10)
))
Package: pgf 2023-01-15 v3.1.10 (3.1.10)
 (c:/Users/JSnelson/AppData/Roaming/TinyTeX/texmf-dist/tex/latex/pgf/basiclayer/pgfcore.sty (c:/Users/JSnelson/AppData/Roaming/TinyTeX/texmf-dist/tex/latex/pgf/systemlayer/pgfsys.sty (c:/Users/JSnelson/AppData/Roaming/TinyTeX/texmf-dist/tex/generic/pgf/systemlayer/pgfsys.code.tex
Package: pgfsys 2023-01-15 v3.1.10 (3.1.10)
 (c:/Users/JSnelson/AppData/Roaming/TinyTeX/texmf-dist/tex/generic/pgf/utilities/pgfkeys.code.tex
\pgfkeys@pathtoks=\toks28
\pgfkeys@temptoks=\toks29
 (c:/Users/JSnelson/AppData/Roaming/TinyTeX/texmf-dist/tex/generic/pgf/utilities/pgfkeyslibraryfiltered.code.tex
\pgfkeys@tmptoks=\toks30
))
\pgf@x=\dimen168
\pgf@y=\dimen169
\pgf@xa=\dimen170
\pgf@ya=\dimen171
\pgf@xb=\dimen172
\pgf@yb=\dimen173
\pgf@xc=\dimen174
\pgf@yc=\dimen175
\pgf@xd=\dimen176
\pgf@yd=\dimen177
\w@pgf@writea=\write3
\r@pgf@reada=\read2
\c@pgf@counta=\count296
\c@pgf@countb=\count297
\c@pgf@countc=\count298
\c@pgf@countd=\count299
\t@pgf@toka=\toks31
\t@pgf@tokb=\toks32
\t@pgf@tokc=\toks33
\pgf@sys@id@count=\count300
 (c:/Users/JSnelson/AppData/Roaming/TinyTeX/texmf-dist/tex/generic/pgf/systemlayer/pgf.cfg
File: pgf.cfg 2023-01-15 v3.1.10 (3.1.10)
)
Driver file for pgf: pgfsys-pdftex.def
 (c:/Users/JSnelson/AppData/Roaming/TinyTeX/texmf-dist/tex/generic/pgf/systemlayer/pgfsys-pdftex.def
File: pgfsys-pdftex.def 2023-01-15 v3.1.10 (3.1.10)
 (c:/Users/JSnelson/AppData/Roaming/TinyTeX/texmf-dist/tex/generic/pgf/systemlayer/pgfsys-common-pdf.def
File: pgfsys-common-pdf.def 2023-01-15 v3.1.10 (3.1.10)
))) (c:/Users/JSnelson/AppData/Roaming/TinyTeX/texmf-dist/tex/generic/pgf/systemlayer/pgfsyssoftpath.code.tex
File: pgfsyssoftpath.code.tex 2023-01-15 v3.1.10 (3.1.10)
\pgfsyssoftpath@smallbuffer@items=\count301
\pgfsyssoftpath@bigbuffer@items=\count302
) (c:/Users/JSnelson/AppData/Roaming/TinyTeX/texmf-dist/tex/generic/pgf/systemlayer/pgfsysprotocol.code.tex
File: pgfsysprotocol.code.tex 2023-01-15 v3.1.10 (3.1.10)
)) (c:/Users/JSnelson/AppData/Roaming/TinyTeX/texmf-dist/tex/latex/xcolor/xcolor.sty
Package: xcolor 2024/09/29 v3.02 LaTeX color extensions (UK)
 (c:/Users/JSnelson/AppData/Roaming/TinyTeX/texmf-dist/tex/latex/graphics-cfg/color.cfg
File: color.cfg 2016/01/02 v1.6 sample color configuration
)
Package xcolor Info: Driver file: pdftex.def on input line 274.
 (c:/Users/JSnelson/AppData/Roaming/TinyTeX/texmf-dist/tex/latex/graphics/mathcolor.ltx)
Package xcolor Info: Model `cmy' substituted by `cmy0' on input line 1349.
Package xcolor Info: Model `hsb' substituted by `rgb' on input line 1353.
Package xcolor Info: Model `RGB' extended on input line 1365.
Package xcolor Info: Model `HTML' substituted by `rgb' on input line 1367.
Package xcolor Info: Model `Hsb' substituted by `hsb' on input line 1368.
Package xcolor Info: Model `tHsb' substituted by `hsb' on input line 1369.
Package xcolor Info: Model `HSB' substituted by `hsb' on input line 1370.
Package xcolor Info: Model `Gray' substituted by `gray' on input line 1371.
Package xcolor Info: Model `wave' substituted by `hsb' on input line 1372.
) (c:/Users/JSnelson/AppData/Roaming/TinyTeX/texmf-dist/tex/generic/pgf/basiclayer/pgfcore.code.tex
Package: pgfcore 2023-01-15 v3.1.10 (3.1.10)
 (c:/Users/JSnelson/AppData/Roaming/TinyTeX/texmf-dist/tex/generic/pgf/math/pgfmath.code.tex (c:/Users/JSnelson/AppData/Roaming/TinyTeX/texmf-dist/tex/generic/pgf/math/pgfmathutil.code.tex) (c:/Users/JSnelson/AppData/Roaming/TinyTeX/texmf-dist/tex/generic/pgf/math/pgfmathparser.code.tex
\pgfmath@dimen=\dimen178
\pgfmath@count=\count303
\pgfmath@box=\box59
\pgfmath@toks=\toks34
\pgfmath@stack@operand=\toks35
\pgfmath@stack@operation=\toks36
) (c:/Users/JSnelson/AppData/Roaming/TinyTeX/texmf-dist/tex/generic/pgf/math/pgfmathfunctions.code.tex) (c:/Users/JSnelson/AppData/Roaming/TinyTeX/texmf-dist/tex/generic/pgf/math/pgfmathfunctions.basic.code.tex) (c:/Users/JSnelson/AppData/Roaming/TinyTeX/texmf-dist/tex/generic/pgf/math/pgfmathfunctions.trigonometric.code.tex) (c:/Users/JSnelson/AppData/Roaming/TinyTeX/texmf-dist/tex/generic/pgf/math/pgfmathfunctions.random.code.tex) (c:/Users/JSnelson/AppData/Roaming/TinyTeX/texmf-dist/tex/generic/pgf/math/pgfmathfunctions.comparison.code.tex) (c:/Users/JSnelson/AppData/Roaming/TinyTeX/texmf-dist/tex/generic/pgf/math/pgfmathfunctions.base.code.tex) (c:/Users/JSnelson/AppData/Roaming/TinyTeX/texmf-dist/tex/generic/pgf/math/pgfmathfunctions.round.code.tex) (c:/Users/JSnelson/AppData/Roaming/TinyTeX/texmf-dist/tex/generic/pgf/math/pgfmathfunctions.misc.code.tex) (c:/Users/JSnelson/AppData/Roaming/TinyTeX/texmf-dist/tex/generic/pgf/math/pgfmathfunctions.integerarithmetics.code.tex) (c:/Users/JSnelson/AppData/Roaming/TinyTeX/texmf-dist/tex/generic/pgf/math/pgfmathcalc.code.tex) (c:/Users/JSnelson/AppData/Roaming/TinyTeX/texmf-dist/tex/generic/pgf/math/pgfmathfloat.code.tex
\c@pgfmathroundto@lastzeros=\count304
)) (c:/Users/JSnelson/AppData/Roaming/TinyTeX/texmf-dist/tex/generic/pgf/math/pgfint.code.tex) (c:/Users/JSnelson/AppData/Roaming/TinyTeX/texmf-dist/tex/generic/pgf/basiclayer/pgfcorepoints.code.tex
File: pgfcorepoints.code.tex 2023-01-15 v3.1.10 (3.1.10)
\pgf@picminx=\dimen179
\pgf@picmaxx=\dimen180
\pgf@picminy=\dimen181
\pgf@picmaxy=\dimen182
\pgf@pathminx=\dimen183
\pgf@pathmaxx=\dimen184
\pgf@pathminy=\dimen185
\pgf@pathmaxy=\dimen186
\pgf@xx=\dimen187
\pgf@xy=\dimen188
\pgf@yx=\dimen189
\pgf@yy=\dimen190
\pgf@zx=\dimen191
\pgf@zy=\dimen192
) (c:/Users/JSnelson/AppData/Roaming/TinyTeX/texmf-dist/tex/generic/pgf/basiclayer/pgfcorepathconstruct.code.tex
File: pgfcorepathconstruct.code.tex 2023-01-15 v3.1.10 (3.1.10)
\pgf@path@lastx=\dimen193
\pgf@path@lasty=\dimen194
) (c:/Users/JSnelson/AppData/Roaming/TinyTeX/texmf-dist/tex/generic/pgf/basiclayer/pgfcorepathusage.code.tex
File: pgfcorepathusage.code.tex 2023-01-15 v3.1.10 (3.1.10)
\pgf@shorten@end@additional=\dimen195
\pgf@shorten@start@additional=\dimen196
) (c:/Users/JSnelson/AppData/Roaming/TinyTeX/texmf-dist/tex/generic/pgf/basiclayer/pgfcorescopes.code.tex
File: pgfcorescopes.code.tex 2023-01-15 v3.1.10 (3.1.10)
\pgfpic=\box60
\pgf@hbox=\box61
\pgf@layerbox@main=\box62
\pgf@picture@serial@count=\count305
) (c:/Users/JSnelson/AppData/Roaming/TinyTeX/texmf-dist/tex/generic/pgf/basiclayer/pgfcoregraphicstate.code.tex
File: pgfcoregraphicstate.code.tex 2023-01-15 v3.1.10 (3.1.10)
\pgflinewidth=\dimen197
) (c:/Users/JSnelson/AppData/Roaming/TinyTeX/texmf-dist/tex/generic/pgf/basiclayer/pgfcoretransformations.code.tex
File: pgfcoretransformations.code.tex 2023-01-15 v3.1.10 (3.1.10)
\pgf@pt@x=\dimen198
\pgf@pt@y=\dimen199
\pgf@pt@temp=\dimen256
) (c:/Users/JSnelson/AppData/Roaming/TinyTeX/texmf-dist/tex/generic/pgf/basiclayer/pgfcorequick.code.tex
File: pgfcorequick.code.tex 2023-01-15 v3.1.10 (3.1.10)
) (c:/Users/JSnelson/AppData/Roaming/TinyTeX/texmf-dist/tex/generic/pgf/basiclayer/pgfcoreobjects.code.tex
File: pgfcoreobjects.code.tex 2023-01-15 v3.1.10 (3.1.10)
) (c:/Users/JSnelson/AppData/Roaming/TinyTeX/texmf-dist/tex/generic/pgf/basiclayer/pgfcorepathprocessing.code.tex
File: pgfcorepathprocessing.code.tex 2023-01-15 v3.1.10 (3.1.10)
) (c:/Users/JSnelson/AppData/Roaming/TinyTeX/texmf-dist/tex/generic/pgf/basiclayer/pgfcorearrows.code.tex
File: pgfcorearrows.code.tex 2023-01-15 v3.1.10 (3.1.10)
\pgfarrowsep=\dimen257
) (c:/Users/JSnelson/AppData/Roaming/TinyTeX/texmf-dist/tex/generic/pgf/basiclayer/pgfcoreshade.code.tex
File: pgfcoreshade.code.tex 2023-01-15 v3.1.10 (3.1.10)
\pgf@max=\dimen258
\pgf@sys@shading@range@num=\count306
\pgf@shadingcount=\count307
) (c:/Users/JSnelson/AppData/Roaming/TinyTeX/texmf-dist/tex/generic/pgf/basiclayer/pgfcoreimage.code.tex
File: pgfcoreimage.code.tex 2023-01-15 v3.1.10 (3.1.10)
) (c:/Users/JSnelson/AppData/Roaming/TinyTeX/texmf-dist/tex/generic/pgf/basiclayer/pgfcoreexternal.code.tex
File: pgfcoreexternal.code.tex 2023-01-15 v3.1.10 (3.1.10)
\pgfexternal@startupbox=\box63
) (c:/Users/JSnelson/AppData/Roaming/TinyTeX/texmf-dist/tex/generic/pgf/basiclayer/pgfcorelayers.code.tex
File: pgfcorelayers.code.tex 2023-01-15 v3.1.10 (3.1.10)
) (c:/Users/JSnelson/AppData/Roaming/TinyTeX/texmf-dist/tex/generic/pgf/basiclayer/pgfcoretransparency.code.tex
File: pgfcoretransparency.code.tex 2023-01-15 v3.1.10 (3.1.10)
) (c:/Users/JSnelson/AppData/Roaming/TinyTeX/texmf-dist/tex/generic/pgf/basiclayer/pgfcorepatterns.code.tex
File: pgfcorepatterns.code.tex 2023-01-15 v3.1.10 (3.1.10)
) (c:/Users/JSnelson/AppData/Roaming/TinyTeX/texmf-dist/tex/generic/pgf/basiclayer/pgfcorerdf.code.tex
File: pgfcorerdf.code.tex 2023-01-15 v3.1.10 (3.1.10)
))) (c:/Users/JSnelson/AppData/Roaming/TinyTeX/texmf-dist/tex/generic/pgf/modules/pgfmoduleshapes.code.tex
File: pgfmoduleshapes.code.tex 2023-01-15 v3.1.10 (3.1.10)
\pgfnodeparttextbox=\box64
) (c:/Users/JSnelson/AppData/Roaming/TinyTeX/texmf-dist/tex/generic/pgf/modules/pgfmoduleplot.code.tex
File: pgfmoduleplot.code.tex 2023-01-15 v3.1.10 (3.1.10)
) (c:/Users/JSnelson/AppData/Roaming/TinyTeX/texmf-dist/tex/latex/pgf/compatibility/pgfcomp-version-0-65.sty
Package: pgfcomp-version-0-65 2023-01-15 v3.1.10 (3.1.10)
\pgf@nodesepstart=\dimen259
\pgf@nodesepend=\dimen260
) (c:/Users/JSnelson/AppData/Roaming/TinyTeX/texmf-dist/tex/latex/pgf/compatibility/pgfcomp-version-1-18.sty
Package: pgfcomp-version-1-18 2023-01-15 v3.1.10 (3.1.10)
)) (c:/Users/JSnelson/AppData/Roaming/TinyTeX/texmf-dist/tex/latex/pgf/utilities/pgffor.sty (c:/Users/JSnelson/AppData/Roaming/TinyTeX/texmf-dist/tex/latex/pgf/utilities/pgfkeys.sty (c:/Users/JSnelson/AppData/Roaming/TinyTeX/texmf-dist/tex/generic/pgf/utilities/pgfkeys.code.tex)) (c:/Users/JSnelson/AppData/Roaming/TinyTeX/texmf-dist/tex/latex/pgf/math/pgfmath.sty (c:/Users/JSnelson/AppData/Roaming/TinyTeX/texmf-dist/tex/generic/pgf/math/pgfmath.code.tex)) (c:/Users/JSnelson/AppData/Roaming/TinyTeX/texmf-dist/tex/generic/pgf/utilities/pgffor.code.tex
Package: pgffor 2023-01-15 v3.1.10 (3.1.10)
\pgffor@iter=\dimen261
\pgffor@skip=\dimen262
\pgffor@stack=\toks37
\pgffor@toks=\toks38
)) (c:/Users/JSnelson/AppData/Roaming/TinyTeX/texmf-dist/tex/generic/pgf/frontendlayer/tikz/tikz.code.tex
Package: tikz 2023-01-15 v3.1.10 (3.1.10)
 (c:/Users/JSnelson/AppData/Roaming/TinyTeX/texmf-dist/tex/generic/pgf/libraries/pgflibraryplothandlers.code.tex
File: pgflibraryplothandlers.code.tex 2023-01-15 v3.1.10 (3.1.10)
\pgf@plot@mark@count=\count308
\pgfplotmarksize=\dimen263
)
\tikz@lastx=\dimen264
\tikz@lasty=\dimen265
\tikz@lastxsaved=\dimen266
\tikz@lastysaved=\dimen267
\tikz@lastmovetox=\dimen268
\tikz@lastmovetoy=\dimen269
\tikzleveldistance=\dimen270
\tikzsiblingdistance=\dimen271
\tikz@figbox=\box65
\tikz@figbox@bg=\box66
\tikz@tempbox=\box67
\tikz@tempbox@bg=\box68
\tikztreelevel=\count309
\tikznumberofchildren=\count310
\tikznumberofcurrentchild=\count311
\tikz@fig@count=\count312
 (c:/Users/JSnelson/AppData/Roaming/TinyTeX/texmf-dist/tex/generic/pgf/modules/pgfmodulematrix.code.tex
File: pgfmodulematrix.code.tex 2023-01-15 v3.1.10 (3.1.10)
\pgfmatrixcurrentrow=\count313
\pgfmatrixcurrentcolumn=\count314
\pgf@matrix@numberofcolumns=\count315
)
\tikz@expandcount=\count316
 (c:/Users/JSnelson/AppData/Roaming/TinyTeX/texmf-dist/tex/generic/pgf/frontendlayer/tikz/libraries/tikzlibrarytopaths.code.tex
File: tikzlibrarytopaths.code.tex 2023-01-15 v3.1.10 (3.1.10)
))) (c:/Users/JSnelson/AppData/Roaming/TinyTeX/texmf-dist/tex/generic/pgfplots/pgfplots.code.tex (c:/Users/JSnelson/AppData/Roaming/TinyTeX/texmf-dist/tex/generic/pgfplots/pgfplotscore.code.tex
\t@pgfplots@toka=\toks39
\t@pgfplots@tokb=\toks40
\t@pgfplots@tokc=\toks41
\pgfplots@tmpa=\dimen272
\c@pgfplots@coordindex=\count317
\c@pgfplots@scanlineindex=\count318
 (c:/Users/JSnelson/AppData/Roaming/TinyTeX/texmf-dist/tex/generic/pgfplots/sys/pgfplotssysgeneric.code.tex)) (c:/Users/JSnelson/AppData/Roaming/TinyTeX/texmf-dist/tex/generic/pgfplots/libs/pgfplotslibrary.code.tex) (c:/Users/JSnelson/AppData/Roaming/TinyTeX/texmf-dist/tex/generic/pgfplots/oldpgfcompatib/pgfplotsoldpgfsupp_loader.code.tex (c:/Users/JSnelson/AppData/Roaming/TinyTeX/texmf-dist/tex/generic/pgf/libraries/pgflibraryfpu.code.tex)
Package pgfplots: loading complementary utilities for your pgf version...
\t@pgf@toka=\toks42
\t@pgf@tokb=\toks43
\t@pgf@tokc=\toks44
(c:/Users/JSnelson/AppData/Roaming/TinyTeX/texmf-dist/tex/generic/pgfplots/oldpgfcompatib/pgfplotsoldpgfsupp_pgfutil-common-lists.tex)) (c:/Users/JSnelson/AppData/Roaming/TinyTeX/texmf-dist/tex/generic/pgfplots/util/pgfplotsutil.code.tex (c:/Users/JSnelson/AppData/Roaming/TinyTeX/texmf-dist/tex/generic/pgfplots/liststructure/pgfplotsliststructure.code.tex) (c:/Users/JSnelson/AppData/Roaming/TinyTeX/texmf-dist/tex/generic/pgfplots/liststructure/pgfplotsliststructureext.code.tex) (c:/Users/JSnelson/AppData/Roaming/TinyTeX/texmf-dist/tex/generic/pgfplots/liststructure/pgfplotsarray.code.tex
\c@pgfplotsarray@tmp=\count319
) (c:/Users/JSnelson/AppData/Roaming/TinyTeX/texmf-dist/tex/generic/pgfplots/liststructure/pgfplotsmatrix.code.tex) (c:/Users/JSnelson/AppData/Roaming/TinyTeX/texmf-dist/tex/generic/pgfplots/numtable/pgfplotstableshared.code.tex
\c@pgfplotstable@counta=\count320
\t@pgfplotstable@a=\toks45
) (c:/Users/JSnelson/AppData/Roaming/TinyTeX/texmf-dist/tex/generic/pgfplots/liststructure/pgfplotsdeque.code.tex) (c:/Users/JSnelson/AppData/Roaming/TinyTeX/texmf-dist/tex/generic/pgfplots/util/pgfplotsbinary.code.tex (c:/Users/JSnelson/AppData/Roaming/TinyTeX/texmf-dist/tex/generic/pgfplots/util/pgfplotsbinary.data.code.tex)) (c:/Users/JSnelson/AppData/Roaming/TinyTeX/texmf-dist/tex/generic/pgfplots/util/pgfplotsutil.verb.code.tex) (c:/Users/JSnelson/AppData/Roaming/TinyTeX/texmf-dist/tex/generic/pgfplots/libs/pgflibrarypgfplots.surfshading.code.tex
\c@pgfplotslibrarysurf@no=\count321
 (c:/Users/JSnelson/AppData/Roaming/TinyTeX/texmf-dist/tex/generic/pgfplots/sys/pgflibrarypgfplots.surfshading.pgfsys-pdftex.def))) (c:/Users/JSnelson/AppData/Roaming/TinyTeX/texmf-dist/tex/generic/pgfplots/util/pgfplotscolormap.code.tex (c:/Users/JSnelson/AppData/Roaming/TinyTeX/texmf-dist/tex/generic/pgfplots/util/pgfplotscolor.code.tex)) (c:/Users/JSnelson/AppData/Roaming/TinyTeX/texmf-dist/tex/generic/pgfplots/pgfplotsstackedplots.code.tex) (c:/Users/JSnelson/AppData/Roaming/TinyTeX/texmf-dist/tex/generic/pgfplots/pgfplotsplothandlers.code.tex (c:/Users/JSnelson/AppData/Roaming/TinyTeX/texmf-dist/tex/generic/pgfplots/pgfplotsmeshplothandler.code.tex (c:/Users/JSnelson/AppData/Roaming/TinyTeX/texmf-dist/tex/generic/pgfplots/pgfplotsmeshplotimage.code.tex))) (c:/Users/JSnelson/AppData/Roaming/TinyTeX/texmf-dist/tex/generic/pgfplots/pgfplots.scaling.code.tex) (c:/Users/JSnelson/AppData/Roaming/TinyTeX/texmf-dist/tex/generic/pgfplots/pgfplotscoordprocessing.code.tex) (c:/Users/JSnelson/AppData/Roaming/TinyTeX/texmf-dist/tex/generic/pgfplots/pgfplots.errorbars.code.tex) (c:/Users/JSnelson/AppData/Roaming/TinyTeX/texmf-dist/tex/generic/pgfplots/pgfplots.markers.code.tex) (c:/Users/JSnelson/AppData/Roaming/TinyTeX/texmf-dist/tex/generic/pgfplots/pgfplotsticks.code.tex) (c:/Users/JSnelson/AppData/Roaming/TinyTeX/texmf-dist/tex/generic/pgfplots/pgfplots.paths.code.tex) (c:/Users/JSnelson/AppData/Roaming/TinyTeX/texmf-dist/tex/generic/pgf/frontendlayer/tikz/libraries/tikzlibrarydecorations.code.tex (c:/Users/JSnelson/AppData/Roaming/TinyTeX/texmf-dist/tex/generic/pgf/modules/pgfmoduledecorations.code.tex
\pgfdecoratedcompleteddistance=\dimen273
\pgfdecoratedremainingdistance=\dimen274
\pgfdecoratedinputsegmentcompleteddistance=\dimen275
\pgfdecoratedinputsegmentremainingdistance=\dimen276
\pgf@decorate@distancetomove=\dimen277
\pgf@decorate@repeatstate=\count322
\pgfdecorationsegmentamplitude=\dimen278
\pgfdecorationsegmentlength=\dimen279
)
\tikz@lib@dec@box=\box69
) (c:/Users/JSnelson/AppData/Roaming/TinyTeX/texmf-dist/tex/generic/pgf/frontendlayer/tikz/libraries/tikzlibrarydecorations.pathmorphing.code.tex (c:/Users/JSnelson/AppData/Roaming/TinyTeX/texmf-dist/tex/generic/pgf/libraries/decorations/pgflibrarydecorations.pathmorphing.code.tex)) (c:/Users/JSnelson/AppData/Roaming/TinyTeX/texmf-dist/tex/generic/pgf/frontendlayer/tikz/libraries/tikzlibrarydecorations.pathreplacing.code.tex (c:/Users/JSnelson/AppData/Roaming/TinyTeX/texmf-dist/tex/generic/pgf/libraries/decorations/pgflibrarydecorations.pathreplacing.code.tex)) (c:/Users/JSnelson/AppData/Roaming/TinyTeX/texmf-dist/tex/generic/pgfplots/libs/tikzlibrarypgfplots.contourlua.code.tex)
\pgfplots@numplots=\count323
\pgfplots@xmin@reg=\dimen280
\pgfplots@xmax@reg=\dimen281
\pgfplots@ymin@reg=\dimen282
\pgfplots@ymax@reg=\dimen283
\pgfplots@zmin@reg=\dimen284
\pgfplots@zmax@reg=\dimen285
) (c:/Users/JSnelson/AppData/Roaming/TinyTeX/texmf-dist/tex/generic/pgf/frontendlayer/tikz/libraries/tikzlibraryplotmarks.code.tex
File: tikzlibraryplotmarks.code.tex 2023-01-15 v3.1.10 (3.1.10)
 (c:/Users/JSnelson/AppData/Roaming/TinyTeX/texmf-dist/tex/generic/pgf/libraries/pgflibraryplotmarks.code.tex
File: pgflibraryplotmarks.code.tex 2023-01-15 v3.1.10 (3.1.10)
))) (c:/Users/JSnelson/AppData/Roaming/TinyTeX/texmf-dist/tex/generic/pgfplots/numtable/pgfplotstable.code.tex (c:/Users/JSnelson/AppData/Roaming/TinyTeX/texmf-dist/tex/generic/pgfplots/numtable/pgfplotstable.coltype.code.tex)) (c:/Users/JSnelson/AppData/Roaming/TinyTeX/texmf-dist/tex/latex/tools/array.sty
Package: array 2024/10/17 v2.6g Tabular extension package (FMi)
\col@sep=\dimen286
\ar@mcellbox=\box70
\extrarowheight=\dimen287
\NC@list=\toks46
\extratabsurround=\skip70
\backup@length=\skip71
\ar@cellbox=\box71
)) (c:/Users/JSnelson/AppData/Roaming/TinyTeX/texmf-dist/tex/latex/tools/multicol.sty
Package: multicol 2024/09/14 v1.9i multicolumn formatting (FMi)
\c@tracingmulticols=\count324
\mult@box=\box72
\multicol@leftmargin=\dimen288
\c@unbalance=\count325
\c@collectmore=\count326
\doublecol@number=\count327
\multicoltolerance=\count328
\multicolpretolerance=\count329
\full@width=\dimen289
\page@free=\dimen290
\premulticols=\dimen291
\postmulticols=\dimen292
\multicolsep=\skip72
\multicolbaselineskip=\skip73
\partial@page=\box73
\last@line=\box74
\mc@boxedresult=\box75
\maxbalancingoverflow=\dimen293
\mult@rightbox=\box76
\mult@grightbox=\box77
\mult@firstbox=\box78
\mult@gfirstbox=\box79
\@tempa=\box80
\@tempa=\box81
\@tempa=\box82
\@tempa=\box83
\@tempa=\box84
\@tempa=\box85
\@tempa=\box86
\@tempa=\box87
\@tempa=\box88
\@tempa=\box89
\@tempa=\box90
\@tempa=\box91
\@tempa=\box92
\@tempa=\box93
\@tempa=\box94
\@tempa=\box95
\@tempa=\box96
\@tempa=\box97
\@tempa=\box98
\@tempa=\box99
\@tempa=\box100
\@tempa=\box101
\@tempa=\box102
\@tempa=\box103
\@tempa=\box104
\@tempa=\box105
\@tempa=\box106
\@tempa=\box107
\@tempa=\box108
\@tempa=\box109
\@tempa=\box110
\@tempa=\box111
\@tempa=\box112
\@tempa=\box113
\@tempa=\box114
\@tempa=\box115
\c@minrows=\count330
\c@columnbadness=\count331
\c@finalcolumnbadness=\count332
\last@try=\dimen294
\multicolovershoot=\dimen295
\multicolundershoot=\dimen296
\mult@nat@firstbox=\box116
\colbreak@box=\box117
\mc@col@check@num=\count333
) (c:/Users/JSnelson/AppData/Roaming/TinyTeX/texmf-dist/tex/latex/pythonhighlight/pythonhighlight.sty
Package: pythonhighlight 2024/03/18 python code highlighting; provided by Olivier Verdier <olivier.verdier@gmail.com>
 (c:/Users/JSnelson/AppData/Roaming/TinyTeX/texmf-dist/tex/latex/l3packages/xparse/xparse.sty (c:/Users/JSnelson/AppData/Roaming/TinyTeX/texmf-dist/tex/latex/l3kernel/expl3.sty
Package: expl3 2024-12-25 L3 programming layer (loader) 
 (c:/Users/JSnelson/AppData/Roaming/TinyTeX/texmf-dist/tex/latex/l3backend/l3backend-pdftex.def
File: l3backend-pdftex.def 2024-05-08 L3 backend support: PDF output (pdfTeX)
\l__color_backend_stack_int=\count334
\l__pdf_internal_box=\box118
))
Package: xparse 2024-08-16 L3 Experimental document command parser
)) (c:/Users/JSnelson/AppData/Roaming/TinyTeX/texmf-dist/tex/latex/bookmark/bookmark.sty
Package: bookmark 2023-12-10 v1.31 PDF bookmarks (HO)
 (c:/Users/JSnelson/AppData/Roaming/TinyTeX/texmf-dist/tex/latex/hyperref/hyperref.sty
Package: hyperref 2024-11-05 v7.01l Hypertext links for LaTeX
 (c:/Users/JSnelson/AppData/Roaming/TinyTeX/texmf-dist/tex/generic/iftex/iftex.sty
Package: iftex 2024/12/12 v1.0g TeX engine tests
) (c:/Users/JSnelson/AppData/Roaming/TinyTeX/texmf-dist/tex/latex/kvsetkeys/kvsetkeys.sty
Package: kvsetkeys 2022-10-05 v1.19 Key value parser (HO)
) (c:/Users/JSnelson/AppData/Roaming/TinyTeX/texmf-dist/tex/generic/kvdefinekeys/kvdefinekeys.sty
Package: kvdefinekeys 2019-12-19 v1.6 Define keys (HO)
) (c:/Users/JSnelson/AppData/Roaming/TinyTeX/texmf-dist/tex/generic/pdfescape/pdfescape.sty
Package: pdfescape 2019/12/09 v1.15 Implements pdfTeX's escape features (HO)
 (c:/Users/JSnelson/AppData/Roaming/TinyTeX/texmf-dist/tex/generic/ltxcmds/ltxcmds.sty
Package: ltxcmds 2023-12-04 v1.26 LaTeX kernel commands for general use (HO)
) (c:/Users/JSnelson/AppData/Roaming/TinyTeX/texmf-dist/tex/generic/pdftexcmds/pdftexcmds.sty
Package: pdftexcmds 2020-06-27 v0.33 Utility functions of pdfTeX for LuaTeX (HO)
 (c:/Users/JSnelson/AppData/Roaming/TinyTeX/texmf-dist/tex/generic/infwarerr/infwarerr.sty
Package: infwarerr 2019/12/03 v1.5 Providing info/warning/error messages (HO)
)
Package pdftexcmds Info: \pdf@primitive is available.
Package pdftexcmds Info: \pdf@ifprimitive is available.
Package pdftexcmds Info: \pdfdraftmode found.
)) (c:/Users/JSnelson/AppData/Roaming/TinyTeX/texmf-dist/tex/latex/hycolor/hycolor.sty
Package: hycolor 2020-01-27 v1.10 Color options for hyperref/bookmark (HO)
) (c:/Users/JSnelson/AppData/Roaming/TinyTeX/texmf-dist/tex/latex/hyperref/nameref.sty
Package: nameref 2023-11-26 v2.56 Cross-referencing by name of section
 (c:/Users/JSnelson/AppData/Roaming/TinyTeX/texmf-dist/tex/latex/refcount/refcount.sty
Package: refcount 2019/12/15 v3.6 Data extraction from label references (HO)
) (c:/Users/JSnelson/AppData/Roaming/TinyTeX/texmf-dist/tex/generic/gettitlestring/gettitlestring.sty
Package: gettitlestring 2019/12/15 v1.6 Cleanup title references (HO)
 (c:/Users/JSnelson/AppData/Roaming/TinyTeX/texmf-dist/tex/latex/kvoptions/kvoptions.sty
Package: kvoptions 2022-06-15 v3.15 Key value format for package options (HO)
))
\c@section@level=\count335
) (c:/Users/JSnelson/AppData/Roaming/TinyTeX/texmf-dist/tex/latex/etoolbox/etoolbox.sty
Package: etoolbox 2020/10/05 v2.5k e-TeX tools for LaTeX (JAW)
\etb@tempcnta=\count336
) (c:/Users/JSnelson/AppData/Roaming/TinyTeX/texmf-dist/tex/generic/stringenc/stringenc.sty
Package: stringenc 2019/11/29 v1.12 Convert strings between diff. encodings (HO)
)
\@linkdim=\dimen297
\Hy@linkcounter=\count337
\Hy@pagecounter=\count338
 (c:/Users/JSnelson/AppData/Roaming/TinyTeX/texmf-dist/tex/latex/hyperref/pd1enc.def
File: pd1enc.def 2024-11-05 v7.01l Hyperref: PDFDocEncoding definition (HO)
) (c:/Users/JSnelson/AppData/Roaming/TinyTeX/texmf-dist/tex/generic/intcalc/intcalc.sty
Package: intcalc 2019/12/15 v1.3 Expandable calculations with integers (HO)
)
\Hy@SavedSpaceFactor=\count339
 (c:/Users/JSnelson/AppData/Roaming/TinyTeX/texmf-dist/tex/latex/hyperref/puenc.def
File: puenc.def 2024-11-05 v7.01l Hyperref: PDF Unicode definition (HO)
)
Package hyperref Info: Hyper figures OFF on input line 4157.
Package hyperref Info: Link nesting OFF on input line 4162.
Package hyperref Info: Hyper index ON on input line 4165.
Package hyperref Info: Plain pages OFF on input line 4172.
Package hyperref Info: Backreferencing OFF on input line 4177.
Package hyperref Info: Implicit mode ON; LaTeX internals redefined.
Package hyperref Info: Bookmarks ON on input line 4424.
\c@Hy@tempcnt=\count340
 (c:/Users/JSnelson/AppData/Roaming/TinyTeX/texmf-dist/tex/latex/url/url.sty
\Urlmuskip=\muskip18
Package: url 2013/09/16  ver 3.4  Verb mode for urls, etc.
)
LaTeX Info: Redefining \url on input line 4763.
\XeTeXLinkMargin=\dimen298
 (c:/Users/JSnelson/AppData/Roaming/TinyTeX/texmf-dist/tex/generic/bitset/bitset.sty
Package: bitset 2019/12/09 v1.3 Handle bit-vector datatype (HO)
 (c:/Users/JSnelson/AppData/Roaming/TinyTeX/texmf-dist/tex/generic/bigintcalc/bigintcalc.sty
Package: bigintcalc 2019/12/15 v1.5 Expandable calculations on big integers (HO)
))
\Fld@menulength=\count341
\Field@Width=\dimen299
\Fld@charsize=\dimen300
Package hyperref Info: Hyper figures OFF on input line 6042.
Package hyperref Info: Link nesting OFF on input line 6047.
Package hyperref Info: Hyper index ON on input line 6050.
Package hyperref Info: backreferencing OFF on input line 6057.
Package hyperref Info: Link coloring OFF on input line 6062.
Package hyperref Info: Link coloring with OCG OFF on input line 6067.
Package hyperref Info: PDF/A mode OFF on input line 6072.
 (c:/Users/JSnelson/AppData/Roaming/TinyTeX/texmf-dist/tex/latex/base/atbegshi-ltx.sty
Package: atbegshi-ltx 2021/01/10 v1.0c Emulation of the original atbegshi
package with kernel methods
)
\Hy@abspage=\count342
\c@Item=\count343
\c@Hfootnote=\count344
)
Package hyperref Info: Driver (autodetected): hpdftex.
 (c:/Users/JSnelson/AppData/Roaming/TinyTeX/texmf-dist/tex/latex/hyperref/hpdftex.def
File: hpdftex.def 2024-11-05 v7.01l Hyperref driver for pdfTeX
 (c:/Users/JSnelson/AppData/Roaming/TinyTeX/texmf-dist/tex/latex/base/atveryend-ltx.sty
Package: atveryend-ltx 2020/08/19 v1.0a Emulation of the original atveryend package
with kernel methods
)
\Fld@listcount=\count345
\c@bookmark@seq@number=\count346
 (c:/Users/JSnelson/AppData/Roaming/TinyTeX/texmf-dist/tex/latex/rerunfilecheck/rerunfilecheck.sty
Package: rerunfilecheck 2022-07-10 v1.10 Rerun checks for auxiliary files (HO)
 (c:/Users/JSnelson/AppData/Roaming/TinyTeX/texmf-dist/tex/generic/uniquecounter/uniquecounter.sty
Package: uniquecounter 2019/12/15 v1.4 Provide unlimited unique counter (HO)
)
Package uniquecounter Info: New unique counter `rerunfilecheck' on input line 285.
)
\Hy@SectionHShift=\skip74
) (c:/Users/JSnelson/AppData/Roaming/TinyTeX/texmf-dist/tex/latex/bookmark/bkm-pdftex.def
File: bkm-pdftex.def 2023-12-10 v1.31 bookmark driver for pdfTeX and luaTeX (HO)
\BKM@id=\count347
)) (c:/Users/JSnelson/AppData/Roaming/TinyTeX/texmf-dist/tex/latex/geometry/geometry.sty
Package: geometry 2020/01/02 v5.9 Page Geometry
 (c:/Users/JSnelson/AppData/Roaming/TinyTeX/texmf-dist/tex/generic/iftex/ifvtex.sty
Package: ifvtex 2019/10/25 v1.7 ifvtex legacy package. Use iftex instead.
)
\Gm@cnth=\count348
\Gm@cntv=\count349
\c@Gm@tempcnt=\count350
\Gm@bindingoffset=\dimen301
\Gm@wd@mp=\dimen302
\Gm@odd@mp=\dimen303
\Gm@even@mp=\dimen304
\Gm@layoutwidth=\dimen305
\Gm@layoutheight=\dimen306
\Gm@layouthoffset=\dimen307
\Gm@layoutvoffset=\dimen308
\Gm@dimlist=\toks47


Package geometry Warning: Over-specification in `h'-direction.
    `width' (426.79134pt) is ignored.


Package geometry Warning: Over-specification in `v'-direction.
    `height' (597.50787pt) is ignored.

)
Package hyperref Info: Option `colorlinks' set `true' on input line 36.
 (./NEA.aux)
\openout1 = `NEA.aux'.

LaTeX Font Info:    Checking defaults for OML/cmm/m/it on input line 52.
LaTeX Font Info:    ... okay on input line 52.
LaTeX Font Info:    Checking defaults for OMS/cmsy/m/n on input line 52.
LaTeX Font Info:    ... okay on input line 52.
LaTeX Font Info:    Checking defaults for OT1/cmr/m/n on input line 52.
LaTeX Font Info:    ... okay on input line 52.
LaTeX Font Info:    Checking defaults for T1/cmr/m/n on input line 52.
LaTeX Font Info:    ... okay on input line 52.
LaTeX Font Info:    Checking defaults for TS1/cmr/m/n on input line 52.
LaTeX Font Info:    ... okay on input line 52.
LaTeX Font Info:    Checking defaults for OMX/cmex/m/n on input line 52.
LaTeX Font Info:    ... okay on input line 52.
LaTeX Font Info:    Checking defaults for U/cmr/m/n on input line 52.
LaTeX Font Info:    ... okay on input line 52.
LaTeX Font Info:    Checking defaults for PD1/pdf/m/n on input line 52.
LaTeX Font Info:    ... okay on input line 52.
LaTeX Font Info:    Checking defaults for PU/pdf/m/n on input line 52.
LaTeX Font Info:    ... okay on input line 52.
\c@lstlisting=\count351
Package caption Info: Begin \AtBeginDocument code.
Package caption Info: float package is loaded.
Package caption Info: hyperref package is loaded.
Package caption Info: End \AtBeginDocument code.
 (c:/Users/JSnelson/AppData/Roaming/TinyTeX/texmf-dist/tex/latex/epstopdf-pkg/epstopdf-base.sty
Package: epstopdf-base 2020-01-24 v2.11 Base part for package epstopdf
Package epstopdf-base Info: Redefining graphics rule for `.eps' on input line 485.
 (c:/Users/JSnelson/AppData/Roaming/TinyTeX/texmf-dist/tex/latex/latexconfig/epstopdf-sys.cfg
File: epstopdf-sys.cfg 2010/07/13 v1.3 Configuration of (r)epstopdf for TeX Live
))
Package pgfplots notification 'compat/show suggested version=true': document has been generated with the most recent feature set (\pgfplotsset{compat=1.18}).

Package hyperref Info: Link coloring ON on input line 52.
*geometry* driver: auto-detecting
*geometry* detected driver: pdftex
*geometry* verbose mode - [ preamble ] result:
* driver: pdftex
* paper: a4paper
* layout: <same size as paper>
* layoutoffset:(h,v)=(0.0pt,0.0pt)
* modes: 
* h-part:(L,W,R)=(60.0pt, 477.50787pt, 60.0pt)
* v-part:(T,H,B)=(60.0pt, 725.04684pt, 60.0pt)
* \paperwidth=597.50787pt
* \paperheight=845.04684pt
* \textwidth=477.50787pt
* \textheight=725.04684pt
* \oddsidemargin=-12.26999pt
* \evensidemargin=-12.26999pt
* \topmargin=-49.26999pt
* \headheight=12.0pt
* \headsep=25.0pt
* \topskip=10.0pt
* \footskip=30.0pt
* \marginparwidth=0.0pt
* \marginparsep=11.0pt
* \columnsep=10.0pt
* \skip\footins=9.0pt plus 4.0pt minus 2.0pt
* \hoffset=0.0pt
* \voffset=0.0pt
* \mag=1000
* \@twocolumnfalse
* \@twosidefalse
* \@mparswitchfalse
* \@reversemarginfalse
* (1in=72.27pt=25.4mm, 1cm=28.453pt)



[1

{c:/Users/JSnelson/AppData/Roaming/TinyTeX/texmf-var/fonts/map/pdftex/updmap/pdftex.map}] (./NEA.toc

[2])
\tf@toc=\write4
\openout4 = `NEA.toc'.



[3]
Underfull \hbox (badness 10000) in paragraph at lines 64--67

 []


Underfull \hbox (badness 10000) in paragraph at lines 64--67

 []


Underfull \hbox (badness 10000) in paragraph at lines 68--69

 []


Underfull \hbox (badness 10000) in paragraph at lines 71--82

 []



[1]
Underfull \hbox (badness 10000) in paragraph at lines 84--106

 []


Underfull \hbox (badness 10000) in paragraph at lines 84--106

 []


Underfull \hbox (badness 10000) in paragraph at lines 84--106

 []


Overfull \vbox (12.0pt too high) detected at line 111
 []


Overfull \vbox (48.0pt too high) detected at line 111
 []


Overfull \vbox (36.0pt too high) detected at line 118
 []


Overfull \vbox (48.0pt too high) detected at line 124
 []


Overfull \vbox (60.0pt too high) detected at line 131
 []


Overfull \vbox (12.0pt too high) detected at line 139
 []


Overfull \vbox (48.0pt too high) detected at line 139
 []


Overfull \vbox (24.0pt too high) detected at line 146
 []



[2]

[3]
<images/research/BOI_Capture.PNG, id=181, 1302.36563pt x 633.86812pt>
File: images/research/BOI_Capture.PNG Graphic file (type png)
<use images/research/BOI_Capture.PNG>
Package pdftex.def Info: images/research/BOI_Capture.PNG  used on input line 166.
(pdftex.def)             Requested size: 325.5906pt x 158.46664pt.

Underfull \hbox (badness 10000) in paragraph at lines 155--169

 []


Underfull \hbox (badness 10000) in paragraph at lines 155--169

 []


Underfull \hbox (badness 10000) in paragraph at lines 155--169

 []



[4 <./images/research/BOI_Capture.PNG>]
Underfull \hbox (badness 10000) in paragraph at lines 170--180

 []


Underfull \hbox (badness 10000) in paragraph at lines 170--180

 []


Underfull \hbox (badness 10000) in paragraph at lines 170--180

 []


Underfull \hbox (badness 10000) in paragraph at lines 170--180

 []


Underfull \hbox (badness 10000) in paragraph at lines 170--180

 []



[5]
Missing character: There is no â in font cmr10!
Missing character: There is no € in font cmr10!
Missing character: There is no ™ in font cmr10!

Underfull \hbox (badness 10000) in paragraph at lines 181--191

 []


Underfull \hbox (badness 10000) in paragraph at lines 181--191

 []


Underfull \hbox (badness 10000) in paragraph at lines 181--191

 []


Underfull \hbox (badness 10000) in paragraph at lines 181--191

 []


Underfull \hbox (badness 10000) in paragraph at lines 181--191

 []



[6]
Overfull \vbox (48.0pt too high) detected at line 198
 []


Overfull \vbox (24.0pt too high) detected at line 198
 []


Overfull \vbox (60.0pt too high) detected at line 208
 []


Overfull \vbox (24.0pt too high) detected at line 217
 []


Overfull \vbox (36.0pt too high) detected at line 217
 []


Overfull \vbox (36.0pt too high) detected at line 224
 []


Overfull \vbox (48.0pt too high) detected at line 238
 []


Overfull \vbox (72.0pt too high) detected at line 238
 []


Overfull \vbox (84.0pt too high) detected at line 247
 []


Overfull \vbox (24.0pt too high) detected at line 247
 []


Overfull \vbox (60.0pt too high) detected at line 257
 []


Overfull \vbox (12.0pt too high) detected at line 257
 []


Overfull \vbox (36.0pt too high) detected at line 265
 []


Overfull \vbox (24.0pt too high) detected at line 265
 []


Overfull \vbox (12.0pt too high) detected at line 271
 []


Overfull \vbox (24.0pt too high) detected at line 271
 []


Overfull \vbox (24.0pt too high) detected at line 271
 []


Overfull \vbox (96.0pt too high) detected at line 276
 []


Overfull \vbox (12.0pt too high) detected at line 276
 []


Overfull \vbox (24.0pt too high) detected at line 287
 []


Overfull \vbox (24.0pt too high) detected at line 287
 []



[7]
Overfull \vbox (12.0pt too high) detected at line 298
 []


Overfull \vbox (60.0pt too high) detected at line 298
 []


Overfull \vbox (84.0pt too high) detected at line 298
 []


Overfull \vbox (72.0pt too high) detected at line 308
 []


Overfull \vbox (60.0pt too high) detected at line 308
 []


Overfull \vbox (12.0pt too high) detected at line 317
 []


Overfull \vbox (96.0pt too high) detected at line 317
 []


Overfull \vbox (72.0pt too high) detected at line 317
 []


Overfull \vbox (48.0pt too high) detected at line 328
 []


Overfull \vbox (36.0pt too high) detected at line 328
 []


Overfull \vbox (36.0pt too high) detected at line 335
 []


Overfull \vbox (24.0pt too high) detected at line 335
 []


Overfull \vbox (12.0pt too high) detected at line 341
 []


Overfull \vbox (24.0pt too high) detected at line 341
 []


Overfull \vbox (12.0pt too high) detected at line 346
 []


Overfull \vbox (60.0pt too high) detected at line 346
 []


Overfull \vbox (48.0pt too high) detected at line 346
 []



[8]

[9]
Overfull \vbox (84.0pt too high) detected at line 361
 []


Overfull \vbox (72.0pt too high) detected at line 361
 []


Overfull \vbox (48.0pt too high) detected at line 361
 []


Overfull \vbox (48.0pt too high) detected at line 371
 []


Overfull \vbox (180.0pt too high) detected at line 371
 []


Overfull \vbox (48.0pt too high) detected at line 371
 []


Overfull \vbox (60.0pt too high) detected at line 389
 []


Overfull \vbox (96.0pt too high) detected at line 389
 []


Overfull \vbox (24.0pt too high) detected at line 389
 []


Overfull \vbox (48.0pt too high) detected at line 400
 []


Overfull \vbox (84.0pt too high) detected at line 400
 []


Overfull \vbox (36.0pt too high) detected at line 400
 []



[10]
Overfull \vbox (24.0pt too high) detected at line 414
 []


Overfull \vbox (60.0pt too high) detected at line 414
 []


Overfull \vbox (36.0pt too high) detected at line 414
 []


Overfull \vbox (216.0pt too high) detected at line 422
 []


Overfull \vbox (60.0pt too high) detected at line 422
 []


Overfull \vbox (60.0pt too high) detected at line 443
 []


Overfull \vbox (60.0pt too high) detected at line 443
 []



[11]
Overfull \vbox (36.0pt too high) detected at line 455
 []


Overfull \vbox (84.0pt too high) detected at line 455
 []


Overfull \vbox (36.0pt too high) detected at line 455
 []


Overfull \vbox (108.0pt too high) detected at line 465
 []


Overfull \vbox (36.0pt too high) detected at line 465
 []


Overfull \vbox (12.0pt too high) detected at line 477
 []


Overfull \vbox (156.0pt too high) detected at line 477
 []


Overfull \vbox (36.0pt too high) detected at line 477
 []


Overfull \vbox (84.0pt too high) detected at line 493
 []


Overfull \vbox (24.0pt too high) detected at line 493
 []


Overfull \vbox (84.0pt too high) detected at line 503
 []


Overfull \vbox (60.0pt too high) detected at line 503
 []



[12]
Overfull \vbox (12.0pt too high) detected at line 517
 []


Overfull \vbox (36.0pt too high) detected at line 517
 []


Overfull \vbox (36.0pt too high) detected at line 517
 []


Overfull \vbox (24.0pt too high) detected at line 523
 []


Overfull \vbox (144.0pt too high) detected at line 523
 []


Overfull \vbox (96.0pt too high) detected at line 523
 []



[13]

[14]
<images/design/File_System.PNG, id=235, 196.10765pt x 279.66985pt>
File: images/design/File_System.PNG Graphic file (type png)
<use images/design/File_System.PNG>
Package pdftex.def Info: images/design/File_System.PNG  used on input line 554.
(pdftex.def)             Requested size: 143.25381pt x 204.30663pt.

Underfull \hbox (badness 10000) in paragraph at lines 557--563

 []



[15 <./images/design/File_System.PNG>]
Underfull \hbox (badness 10000) in paragraph at lines 587--588

 []



pdfTeX warning: pdflatex.exe (file ./images/design/Database_Design.pdf): PDF inclusion: found PDF version <1.7>, but at most version <1.5> allowed
<images/design/Database_Design.pdf, id=242, 614.295pt x 794.97pt>
File: images/design/Database_Design.pdf Graphic file (type pdf)
<use images/design/Database_Design.pdf>
Package pdftex.def Info: images/design/Database_Design.pdf  used on input line 591.
(pdftex.def)             Requested size: 477.50787pt x 149.80818pt.


pdfTeX warning: pdflatex.exe (file ./images/design/Database_Design_Second.pdf): PDF inclusion: found PDF version <1.7>, but at most version <1.5> allowed
<images/design/Database_Design_Second.pdf, id=244, 614.295pt x 794.97pt>
File: images/design/Database_Design_Second.pdf Graphic file (type pdf)
<use images/design/Database_Design_Second.pdf>
Package pdftex.def Info: images/design/Database_Design_Second.pdf  used on input line 600.
(pdftex.def)             Requested size: 477.50787pt x 169.31465pt.

Underfull \hbox (badness 10000) in paragraph at lines 594--602

 []



[16 <./images/design/Database_Design.pdf> <./images/design/Database_Design_Second.pdf>]
Overfull \vbox (12.0pt too high) detected at line 628
 []


Overfull \vbox (60.0pt too high) detected at line 628
 []


Overfull \vbox (24.0pt too high) detected at line 637
 []


Overfull \vbox (60.0pt too high) detected at line 642
 []


Overfull \vbox (24.0pt too high) detected at line 642
 []


Overfull \vbox (24.0pt too high) detected at line 649
 []


Overfull \vbox (12.0pt too high) detected at line 654
 []


Overfull \vbox (144.0pt too high) detected at line 654
 []


Overfull \vbox (12.0pt too high) detected at line 668
 []


Overfull \vbox (12.0pt too high) detected at line 672
 []


Overfull \vbox (12.0pt too high) detected at line 672
 []


Overfull \vbox (12.0pt too high) detected at line 676
 []


Overfull \vbox (120.0pt too high) detected at line 680
 []


Overfull \hbox (38.45042pt too wide) in paragraph at lines 623--694
[] 
 []



[17]

[18]
Overfull \vbox (24.0pt too high) detected at line 700
 []


Overfull \vbox (48.0pt too high) detected at line 700
 []


Overfull \hbox (0.82658pt too wide) in paragraph at lines 707--707
[]|\OT1/cmr/m/n/10 update[]stored[]item[]amount|  
 []


Overfull \vbox (72.0pt too high) detected at line 707
 []


Overfull \vbox (36.0pt too high) detected at line 707
 []


Overfull \vbox (24.0pt too high) detected at line 716
 []


Overfull \vbox (12.0pt too high) detected at line 716
 []


Overfull \vbox (12.0pt too high) detected at line 722
 []


Overfull \vbox (24.0pt too high) detected at line 726
 []


Overfull \vbox (12.0pt too high) detected at line 726
 []


Overfull \vbox (12.0pt too high) detected at line 731
 []


Overfull \vbox (12.0pt too high) detected at line 731
 []


Overfull \vbox (24.0pt too high) detected at line 735
 []


Overfull \vbox (12.0pt too high) detected at line 740
 []


Overfull \vbox (12.0pt too high) detected at line 740
 []


Overfull \hbox (52.67679pt too wide) in paragraph at lines 695--749
[]
 []


Underfull \hbox (badness 10000) in paragraph at lines 695--749

 []

(c:/Users/JSnelson/AppData/Roaming/TinyTeX/texmf-dist/tex/latex/listings/lstlang1.sty
File: lstlang1.sty 2024/09/23 1.10c listings language file
)
Underfull \hbox (badness 10000) in paragraph at lines 750--752

 []

LaTeX Font Info:    Font shape `OT1/cmtt/bx/n' in size <8> not available
(Font)              Font shape `OT1/cmtt/m/n' tried instead on input line 753.

Underfull \hbox (badness 10000) in paragraph at lines 761--763

 []



[19]
Underfull \hbox (badness 10000) in paragraph at lines 772--774

 []



pdfTeX warning: pdflatex.exe (file ./images/design/Login_System.pdf): PDF inclusion: found PDF version <1.7>, but at most version <1.5> allowed
<images/design/Login_System.pdf, id=307, 845.07718pt x 597.19106pt>
File: images/design/Login_System.pdf Graphic file (type pdf)
<use images/design/Login_System.pdf>
Package pdftex.def Info: images/design/Login_System.pdf  used on input line 821.
(pdftex.def)             Requested size: 477.50787pt x 309.08255pt.


[20]
Underfull \hbox (badness 10000) in paragraph at lines 825--827

 []


Underfull \hbox (badness 10000) in paragraph at lines 829--830

 []


Underfull \hbox (badness 10000) in paragraph at lines 843--845

 []



[21 <./images/design/Login_System.pdf>]

pdfTeX warning: pdflatex.exe (file ./images/design/Login_Form.pdf): PDF inclusion: found PDF version <1.7>, but at most version <1.5> allowed
<images/design/Login_Form.pdf, id=364, 597.19106pt x 845.07718pt>
File: images/design/Login_Form.pdf Graphic file (type pdf)
<use images/design/Login_Form.pdf>
Package pdftex.def Info: images/design/Login_Form.pdf  used on input line 875.
(pdftex.def)             Requested size: 137.25142pt x 194.22182pt.


pdfTeX warning: pdflatex.exe (file ./images/design/Sign_Up_Form.pdf): PDF inclusion: found PDF version <1.7>, but at most version <1.5> allowed
<images/design/Sign_Up_Form.pdf, id=365, 597.19106pt x 845.07718pt>
File: images/design/Sign_Up_Form.pdf Graphic file (type pdf)
<use images/design/Sign_Up_Form.pdf>
Package pdftex.def Info: images/design/Sign_Up_Form.pdf  used on input line 880.
(pdftex.def)             Requested size: 137.25142pt x 194.22182pt.


pdfTeX warning: pdflatex.exe (file ./images/design/Reset_Password.pdf): PDF inclusion: found PDF version <1.7>, but at most version <1.5> allowed
<images/design/Reset_Password.pdf, id=366, 597.19106pt x 845.07718pt>
File: images/design/Reset_Password.pdf Graphic file (type pdf)
<use images/design/Reset_Password.pdf>
Package pdftex.def Info: images/design/Reset_Password.pdf  used on input line 885.
(pdftex.def)             Requested size: 137.25142pt x 194.22182pt.

Underfull \hbox (badness 10000) in paragraph at lines 888--891

 []



[22 <./images/design/Login_Form.pdf> <./images/design/Sign_Up_Form.pdf> <./images/design/Reset_Password.pdf>]
Underfull \hbox (badness 10000) in paragraph at lines 893--895

 []


Underfull \hbox (badness 10000) in paragraph at lines 913--916

 []



pdfTeX warning: pdflatex.exe (file ./images/design/Item_Class_Diagram.pdf): PDF inclusion: found PDF version <1.7>, but at most version <1.5> allowed
<images/design/Item_Class_Diagram.pdf, id=417, 597.19106pt x 845.07718pt>
File: images/design/Item_Class_Diagram.pdf Graphic file (type pdf)
<use images/design/Item_Class_Diagram.pdf>
Package pdftex.def Info: images/design/Item_Class_Diagram.pdf  used on input line 919.
(pdftex.def)             Requested size: 429.75417pt x 395.04883pt.


[23]
Underfull \hbox (badness 10000) in paragraph at lines 923--928

 []



[24 <./images/design/Item_Class_Diagram.pdf>]
Underfull \hbox (badness 10000) in paragraph at lines 958--959

 []


Underfull \hbox (badness 10000) in paragraph at lines 960--961

 []


Underfull \hbox (badness 10000) in paragraph at lines 962--963

 []


Underfull \hbox (badness 10000) in paragraph at lines 964--965

 []


Underfull \hbox (badness 10000) in paragraph at lines 966--967

 []


Underfull \hbox (badness 10000) in paragraph at lines 977--978

 []


Underfull \hbox (badness 10000) in paragraph at lines 991--992

 []



[25]
Underfull \hbox (badness 10000) in paragraph at lines 1003--1004

 []


Overfull \vbox (12.0pt too high) detected at line 1043
 []


Overfull \vbox (12.0pt too high) detected at line 1053
 []


Overfull \vbox (12.0pt too high) detected at line 1072
 []



[26]

[27]
Underfull \hbox (badness 10000) in paragraph at lines 1082--1083

 []



pdfTeX warning: pdflatex.exe (file ./images/design/Player_Class_Diagram.pdf): PDF inclusion: found PDF version <1.7>, but at most version <1.5> allowed
<images/design/Player_Class_Diagram.pdf, id=549, 597.19106pt x 845.07718pt>
File: images/design/Player_Class_Diagram.pdf Graphic file (type pdf)
<use images/design/Player_Class_Diagram.pdf>
Package pdftex.def Info: images/design/Player_Class_Diagram.pdf  used on input line 1086.
(pdftex.def)             Requested size: 429.75417pt x 283.0895pt.

Underfull \hbox (badness 10000) in paragraph at lines 1089--1091

 []


Underfull \hbox (badness 10000) in paragraph at lines 1092--1094

 []


Underfull \hbox (badness 10000) in paragraph at lines 1095--1097

 []


Underfull \hbox (badness 10000) in paragraph at lines 1104--1106

 []



[28 <./images/design/Player_Class_Diagram.pdf>]
Underfull \hbox (badness 10000) in paragraph at lines 1117--1118

 []


Underfull \hbox (badness 10000) in paragraph at lines 1141--1144

 []

<images/development/database_ready.PNG, id=577, 308.27672pt x 198.7425pt>
File: images/development/database_ready.PNG Graphic file (type png)
<use images/development/database_ready.PNG>
Package pdftex.def Info: images/development/database_ready.PNG  used on input line 1147.
(pdftex.def)             Requested size: 308.27596pt x 198.742pt.


[29]
Underfull \hbox (badness 10000) in paragraph at lines 1150--1152

 []

<images/development/gen_salt.PNG, id=610, 266.49562pt x 101.62968pt>
File: images/development/gen_salt.PNG Graphic file (type png)
<use images/development/gen_salt.PNG>
Package pdftex.def Info: images/development/gen_salt.PNG  used on input line 1155.
(pdftex.def)             Requested size: 266.49496pt x 101.62943pt.
<images/development/hash.PNG, id=611, 654.19406pt x 175.40532pt>
File: images/development/hash.PNG Graphic file (type png)
<use images/development/hash.PNG>
Package pdftex.def Info: images/development/hash.PNG  used on input line 1160.
(pdftex.def)             Requested size: 477.50787pt x 128.03142pt.

Underfull \hbox (badness 10000) in paragraph at lines 1163--1165

 []



[30 <./images/development/database_ready.PNG> <./images/development/gen_salt.PNG> <./images/development/hash.PNG>]
<images/development/login.PNG, id=622, 456.20438pt x 126.8489pt>
File: images/development/login.PNG Graphic file (type png)
<use images/development/login.PNG>
Package pdftex.def Info: images/development/login.PNG  used on input line 1168.
(pdftex.def)             Requested size: 477.50787pt x 132.77525pt.
<images/development/add_user.PNG, id=623, 536.3789pt x 101.62968pt>
File: images/development/add_user.PNG Graphic file (type png)
<use images/development/add_user.PNG>
Package pdftex.def Info: images/development/add_user.PNG  used on input line 1174.
(pdftex.def)             Requested size: 477.50787pt x 90.47493pt.

Underfull \hbox (badness 10000) in paragraph at lines 1171--1176

 []

<images/development/reset_password.PNG, id=624, 455.45157pt x 123.83766pt>
File: images/development/reset_password.PNG Graphic file (type png)
<use images/development/reset_password.PNG>
Package pdftex.def Info: images/development/reset_password.PNG  used on input line 1180.
(pdftex.def)             Requested size: 477.50787pt x 129.83684pt.

Underfull \hbox (badness 10000) in paragraph at lines 1177--1182

 []


Underfull \hbox (badness 10000) in paragraph at lines 1183--1184

 []

<images/development/test_database.PNG, id=625, 592.46344pt x 316.18124pt>
File: images/development/test_database.PNG Graphic file (type png)
<use images/development/test_database.PNG>
Package pdftex.def Info: images/development/test_database.PNG  used on input line 1187.
(pdftex.def)             Requested size: 592.46199pt x 316.18047pt.

Overfull \hbox (114.95412pt too wide) in paragraph at lines 1187--1188
 [][] 
 []



[31 <./images/development/login.PNG> <./images/development/add_user.PNG> <./images/development/reset_password.PNG>]
Overfull \vbox (12.0pt too high) detected at line 1209
 []


Overfull \hbox (17.69261pt too wide) in paragraph at lines 1190--1232
[] 
 []

<images/development/_delete_user.png, id=636, 206.7725pt x 102.3825pt>
File: images/development/_delete_user.png Graphic file (type png)
<use images/development/_delete_user.png>
Package pdftex.def Info: images/development/_delete_user.png  used on input line 1237.
(pdftex.def)             Requested size: 143.25381pt x 70.933pt.

Underfull \hbox (badness 10000) in paragraph at lines 1232--1239

 []



[32 <./images/development/test_database.PNG>]
<images/development/delete_user.png, id=644, 796.9775pt x 253.94875pt>
File: images/development/delete_user.png Graphic file (type png)
<use images/development/delete_user.png>
Package pdftex.def Info: images/development/delete_user.png  used on input line 1242.
(pdftex.def)             Requested size: 334.25404pt x 106.50662pt.
<images/development/test_remove_user.png, id=645, 815.045pt x 75.28125pt>
File: images/development/test_remove_user.png Graphic file (type png)
<use images/development/test_remove_user.png>
Package pdftex.def Info: images/development/test_remove_user.png  used on input line 1261.
(pdftex.def)             Requested size: 382.00775pt x 35.28339pt.

Underfull \hbox (badness 10000) in paragraph at lines 1264--1266

 []


Underfull \hbox (badness 10000) in paragraph at lines 1267--1270

 []



[33 <./images/development/_delete_user.png> <./images/development/delete_user.png> <./images/development/test_remove_user.png>]
<images/development/LoginForm_layout.PNG, id=656, 113.29828pt x 184.81548pt>
File: images/development/LoginForm_layout.PNG Graphic file (type png)
<use images/development/LoginForm_layout.PNG>
Package pdftex.def Info: images/development/LoginForm_layout.PNG  used on input line 1275.
(pdftex.def)             Requested size: 116.87697pt x 190.65253pt.
<images/development/LoginForm_structure.PNG, id=657, 206.64703pt x 293.22047pt>
File: images/development/LoginForm_structure.PNG Graphic file (type png)
<use images/development/LoginForm_structure.PNG>
Package pdftex.def Info: images/development/LoginForm_structure.PNG  used on input line 1280.
(pdftex.def)             Requested size: 140.25378pt x 199.01591pt.
<images/development/LoginForm_buttons.PNG, id=658, 399.74344pt x 123.46124pt>
File: images/development/LoginForm_buttons.PNG Graphic file (type png)
<use images/development/LoginForm_buttons.PNG>
Package pdftex.def Info: images/development/LoginForm_buttons.PNG  used on input line 1287.
(pdftex.def)             Requested size: 399.74245pt x 123.46092pt.
<images/development/_on_sign_in_button_pressed.PNG, id=659, 368.1253pt x 135.12984pt>
File: images/development/_on_sign_in_button_pressed.PNG Graphic file (type png)
<use images/development/_on_sign_in_button_pressed.PNG>
Package pdftex.def Info: images/development/_on_sign_in_button_pressed.PNG  used on input line 1293.
(pdftex.def)             Requested size: 368.1244pt x 135.1295pt.

Underfull \hbox (badness 10000) in paragraph at lines 1290--1295

 []


Underfull \hbox (badness 10000) in paragraph at lines 1296--1298

 []



[34 <./images/development/LoginForm_layout.PNG> <./images/development/LoginForm_structure.PNG> <./images/development/LoginForm_buttons.PNG> <./images/development/_on_sign_in_button_pressed.PNG>]
<images/development/ResetPasswordForm_layout.PNG, id=673, 76.41046pt x 130.98938pt>
File: images/development/ResetPasswordForm_layout.PNG Graphic file (type png)
<use images/development/ResetPasswordForm_layout.PNG>
Package pdftex.def Info: images/development/ResetPasswordForm_layout.PNG  used on input line 1302.
(pdftex.def)             Requested size: 116.87697pt x 200.3691pt.
<images/development/ResetPasswordForm_structure.PNG, id=674, 171.26485pt x 284.93953pt>
File: images/development/ResetPasswordForm_structure.PNG Graphic file (type png)
<use images/development/ResetPasswordForm_structure.PNG>
Package pdftex.def Info: images/development/ResetPasswordForm_structure.PNG  used on input line 1307.
(pdftex.def)             Requested size: 140.25378pt x 233.3606pt.
<images/development/ResetPasswordForm_cancel.PNG, id=675, 353.82187pt x 22.96078pt>
File: images/development/ResetPasswordForm_cancel.PNG Graphic file (type png)
<use images/development/ResetPasswordForm_cancel.PNG>
Package pdftex.def Info: images/development/ResetPasswordForm_cancel.PNG  used on input line 1314.
(pdftex.def)             Requested size: 353.821pt x 22.96071pt.
<images/development/ResetPasswordForm_reset.PNG, id=676, 379.4175pt x 154.32657pt>
File: images/development/ResetPasswordForm_reset.PNG Graphic file (type png)
<use images/development/ResetPasswordForm_reset.PNG>
Package pdftex.def Info: images/development/ResetPasswordForm_reset.PNG  used on input line 1320.
(pdftex.def)             Requested size: 379.41656pt x 154.32617pt.

Underfull \hbox (badness 10000) in paragraph at lines 1317--1322

 []


Underfull \hbox (badness 10000) in paragraph at lines 1323--1325

 []



[35 <./images/development/ResetPasswordForm_layout.PNG> <./images/development/ResetPasswordForm_structure.PNG> <./images/development/ResetPasswordForm_cancel.PNG> <./images/development/ResetPasswordForm_reset.PNG>]
<images/development/CreateAccountForm_layout.PNG, id=689, 100.87688pt x 170.13562pt>
File: images/development/CreateAccountForm_layout.PNG Graphic file (type png)
<use images/development/CreateAccountForm_layout.PNG>
Package pdftex.def Info: images/development/CreateAccountForm_layout.PNG  used on input line 1329.
(pdftex.def)             Requested size: 116.87697pt x 197.1238pt.
<images/development/CreateAccountForm_structure.PNG, id=690, 173.89969pt x 290.96204pt>
File: images/development/CreateAccountForm_structure.PNG Graphic file (type png)
<use images/development/CreateAccountForm_structure.PNG>
Package pdftex.def Info: images/development/CreateAccountForm_structure.PNG  used on input line 1334.
(pdftex.def)             Requested size: 140.25378pt x 234.67458pt.
<images/development/CreateAccountForm_cancel.PNG, id=691, 357.20953pt x 24.4664pt>
File: images/development/CreateAccountForm_cancel.PNG Graphic file (type png)
<use images/development/CreateAccountForm_cancel.PNG>
Package pdftex.def Info: images/development/CreateAccountForm_cancel.PNG  used on input line 1341.
(pdftex.def)             Requested size: 357.20865pt x 24.46632pt.
<images/development/CreateAccountForm_create.PNG, id=692, 373.77141pt x 126.4725pt>
File: images/development/CreateAccountForm_create.PNG Graphic file (type png)
<use images/development/CreateAccountForm_create.PNG>
Package pdftex.def Info: images/development/CreateAccountForm_create.PNG  used on input line 1347.
(pdftex.def)             Requested size: 373.7705pt x 126.47218pt.

Underfull \hbox (badness 10000) in paragraph at lines 1344--1349

 []


Underfull \hbox (badness 10000) in paragraph at lines 1350--1352

 []



[36 <./images/development/CreateAccountForm_layout.PNG> <./images/development/CreateAccountForm_structure.PNG> <./images/development/CreateAccountForm_cancel.PNG> <./images/development/CreateAccountForm_create.PNG>]
Underfull \hbox (badness 10000) in paragraph at lines 1355--1357

 []

<images/development/Item_folder.PNG, id=705, 184.06265pt x 147.92766pt>
File: images/development/Item_folder.PNG Graphic file (type png)
<use images/development/Item_folder.PNG>
Package pdftex.def Info: images/development/Item_folder.PNG  used on input line 1360.
(pdftex.def)             Requested size: 184.0622pt x 147.92728pt.

Underfull \hbox (badness 10000) in paragraph at lines 1363--1365

 []

<images/development/Item_script.PNG, id=706, 179.54578pt x 88.07906pt>
File: images/development/Item_script.PNG Graphic file (type png)
<use images/development/Item_script.PNG>
Package pdftex.def Info: images/development/Item_script.PNG  used on input line 1369.
(pdftex.def)             Requested size: 210.3771pt x 103.21065pt.
<images/development/Item_export.PNG, id=707, 192.3436pt x 87.32625pt>
File: images/development/Item_export.PNG Graphic file (type png)
<use images/development/Item_export.PNG>
Package pdftex.def Info: images/development/Item_export.PNG  used on input line 1374.
(pdftex.def)             Requested size: 210.3771pt x 95.52084pt.

Underfull \hbox (badness 10000) in paragraph at lines 1378--1381

 []



[37 <./images/development/Item_folder.PNG> <./images/development/Item_script.PNG> <./images/development/Item_export.PNG>]
<images/development/Equipable_script.PNG, id=718, 232.99547pt x 103.51172pt>
File: images/development/Equipable_script.PNG Graphic file (type png)
<use images/development/Equipable_script.PNG>
Package pdftex.def Info: images/development/Equipable_script.PNG  used on input line 1386.
(pdftex.def)             Requested size: 210.3771pt x 93.46608pt.
<images/development/Equipable_export.PNG, id=719, 185.19188pt x 123.83766pt>
File: images/development/Equipable_export.PNG Graphic file (type png)
<use images/development/Equipable_export.PNG>
Package pdftex.def Info: images/development/Equipable_export.PNG  used on input line 1391.
(pdftex.def)             Requested size: 210.3771pt x 140.6813pt.
<images/development/Armour_script.PNG, id=720, 295.1025pt x 102.00609pt>
File: images/development/Armour_script.PNG Graphic file (type png)
<use images/development/Armour_script.PNG>
Package pdftex.def Info: images/development/Armour_script.PNG  used on input line 1401.
(pdftex.def)             Requested size: 233.75394pt x 80.80182pt.
<images/development/Armour_export.PNG, id=721, 195.35484pt x 119.69719pt>
File: images/development/Armour_export.PNG Graphic file (type png)
<use images/development/Armour_export.PNG>
Package pdftex.def Info: images/development/Armour_export.PNG  used on input line 1406.
(pdftex.def)             Requested size: 210.3771pt x 128.90756pt.

Underfull \hbox (badness 10000) in paragraph at lines 1410--1412

 []

<images/development/Charm_script.PNG, id=722, 394.85016pt x 63.23625pt>
File: images/development/Charm_script.PNG Graphic file (type png)
<use images/development/Charm_script.PNG>
Package pdftex.def Info: images/development/Charm_script.PNG  used on input line 1416.
(pdftex.def)             Requested size: 233.75394pt x 37.43642pt.
<images/development/Charm_export.PNG, id=723, 196.48407pt x 45.54515pt>
File: images/development/Charm_export.PNG Graphic file (type png)
<use images/development/Charm_export.PNG>
Package pdftex.def Info: images/development/Charm_export.PNG  used on input line 1421.
(pdftex.def)             Requested size: 210.3771pt x 48.76895pt.

Underfull \hbox (badness 10000) in paragraph at lines 1425--1427

 []



[38 <./images/development/Equipable_script.PNG> <./images/development/Equipable_export.PNG> <./images/development/Armour_script.PNG> <./images/development/Armour_export.PNG> <./images/development/Charm_script.PNG> <./images/development/Charm_export.PNG>]
<images/development/Weapon_script.PNG, id=740, 396.35577pt x 100.87688pt>
File: images/development/Weapon_script.PNG Graphic file (type png)
<use images/development/Weapon_script.PNG>
Package pdftex.def Info: images/development/Weapon_script.PNG  used on input line 1431.
(pdftex.def)             Requested size: 233.75394pt x 59.49374pt.
<images/development/Weapon_export.PNG, id=741, 189.33234pt x 118.94438pt>
File: images/development/Weapon_export.PNG Graphic file (type png)
<use images/development/Weapon_export.PNG>
Package pdftex.def Info: images/development/Weapon_export.PNG  used on input line 1436.
(pdftex.def)             Requested size: 210.3771pt x 132.16774pt.
<images/development/Key_script.PNG, id=742, 221.70328pt x 62.10703pt>
File: images/development/Key_script.PNG Graphic file (type png)
<use images/development/Key_script.PNG>
Package pdftex.def Info: images/development/Key_script.PNG  used on input line 1446.
(pdftex.def)             Requested size: 233.75394pt x 65.48721pt.
<images/development/Key_export.PNG, id=743, 194.97844pt x 45.16875pt>
File: images/development/Key_export.PNG Graphic file (type png)
<use images/development/Key_export.PNG>
Package pdftex.def Info: images/development/Key_export.PNG  used on input line 1451.
(pdftex.def)             Requested size: 210.3771pt x 48.73808pt.

Underfull \hbox (badness 10000) in paragraph at lines 1455--1457

 []


Underfull \hbox (badness 10000) in paragraph at lines 1458--1459

 []


Underfull \hbox (badness 10000) in paragraph at lines 1460--1462

 []

<images/development/add_item.PNG, id=744, 692.5875pt x 185.19188pt>
File: images/development/add_item.PNG Graphic file (type png)
<use images/development/add_item.PNG>
Package pdftex.def Info: images/development/add_item.PNG  used on input line 1465.
(pdftex.def)             Requested size: 382.00775pt x 102.14688pt.


[39 <./images/development/Weapon_script.PNG> <./images/development/Weapon_export.PNG> <./images/development/Key_script.PNG> <./images/development/Key_export.PNG>]
Underfull \hbox (badness 10000) in paragraph at lines 1468--1470

 []

<images/development/remove_item.PNG, id=757, 591.71063pt x 203.25937pt>
File: images/development/remove_item.PNG Graphic file (type png)
<use images/development/remove_item.PNG>
Package pdftex.def Info: images/development/remove_item.PNG  used on input line 1473.
(pdftex.def)             Requested size: 382.00775pt x 131.22688pt.

Underfull \hbox (badness 10000) in paragraph at lines 1476--1478

 []

<images/development/unequip_item.PNG, id=758, 580.41844pt x 173.14688pt>
File: images/development/unequip_item.PNG Graphic file (type png)
<use images/development/unequip_item.PNG>
Package pdftex.def Info: images/development/unequip_item.PNG  used on input line 1481.
(pdftex.def)             Requested size: 382.00775pt x 113.96025pt.

Underfull \hbox (badness 10000) in paragraph at lines 1484--1486

 []

<images/development/equip_item.PNG, id=759, 283.0575pt x 226.7041pt>
File: images/development/equip_item.PNG Graphic file (type png)
<use images/development/equip_item.PNG>
Package pdftex.def Info: images/development/equip_item.PNG  used on input line 1489.
(pdftex.def)             Requested size: 382.00775pt x 305.98196pt.


[40 <./images/development/add_item.PNG> <./images/development/remove_item.png> <./images/development/unequip_item.PNG>]
Underfull \hbox (badness 10000) in paragraph at lines 1492--1493

 []

<images/development/test_inventory.PNG, id=771, 611.28375pt x 487.06969pt>
File: images/development/test_inventory.PNG Graphic file (type png)
<use images/development/test_inventory.PNG>
Package pdftex.def Info: images/development/test_inventory.PNG  used on input line 1496.
(pdftex.def)             Requested size: 382.00775pt x 304.38063pt.


[41 <./images/development/equip_item.PNG>]
Overfull \vbox (24.0pt too high) detected at line 1510
 []


Overfull \vbox (12.0pt too high) detected at line 1515
 []


Overfull \vbox (12.0pt too high) detected at line 1519
 []


Overfull \vbox (12.0pt too high) detected at line 1523
 []


Overfull \vbox (12.0pt too high) detected at line 1527
 []


Overfull \vbox (24.0pt too high) detected at line 1543
 []



[42 <./images/development/test_inventory.PNG>]
<images/development/add_item_2.PNG, id=784, 681.29532pt x 199.49532pt>
File: images/development/add_item_2.PNG Graphic file (type png)
<use images/development/add_item_2.PNG>
Package pdftex.def Info: images/development/add_item_2.PNG  used on input line 1553.
(pdftex.def)             Requested size: 382.00775pt x 111.85966pt.

Underfull \hbox (badness 10000) in paragraph at lines 1549--1555

 []


Underfull \hbox (badness 10000) in paragraph at lines 1556--1559

 []



[43 <./images/development/add_item_2.PNG>]
<images/development/get_slot_value.PNG, id=791, 480.29437pt x 99.37125pt>
File: images/development/get_slot_value.PNG Graphic file (type png)
<use images/development/get_slot_value.PNG>
Package pdftex.def Info: images/development/get_slot_value.PNG  used on input line 1561.
(pdftex.def)             Requested size: 187.00386pt x 38.69093pt.
<images/development/set_slot_value.PNG, id=792, 499.8675pt x 248.42813pt>
File: images/development/set_slot_value.PNG Graphic file (type png)
<use images/development/set_slot_value.PNG>
Package pdftex.def Info: images/development/set_slot_value.PNG  used on input line 1566.
(pdftex.def)             Requested size: 187.00386pt x 92.93666pt.
<images/development/unequip_item_2.PNG, id=793, 444.15938pt x 194.22563pt>
File: images/development/unequip_item_2.PNG Graphic file (type png)
<use images/development/unequip_item_2.PNG>
Package pdftex.def Info: images/development/unequip_item_2.PNG  used on input line 1574.
(pdftex.def)             Requested size: 382.00775pt x 167.0456pt.

Underfull \hbox (badness 10000) in paragraph at lines 1570--1576

 []


Overfull \vbox (24.0pt too high) detected at line 1590
 []


Overfull \vbox (12.0pt too high) detected at line 1595
 []


Overfull \vbox (12.0pt too high) detected at line 1599
 []


Overfull \vbox (12.0pt too high) detected at line 1603
 []


Overfull \vbox (12.0pt too high) detected at line 1607
 []


Overfull \vbox (24.0pt too high) detected at line 1623
 []


Overfull \hbox (42.67006pt too wide) in paragraph at lines 1577--1630
\OT1/cmr/bx/n/10 Retesting: []
 []



[44 <./images/development/get_slot_value.PNG> <./images/development/set_slot_value.PNG> <./images/development/unequip_item_2.PNG>]

[45]
Overfull \vbox (12.0pt too high) detected at line 1637
 []


Overfull \vbox (12.0pt too high) detected at line 1641
 []


Overfull \vbox (12.0pt too high) detected at line 1648
 []


Overfull \vbox (12.0pt too high) detected at line 1652
 []


Overfull \hbox (7.75319pt too wide) in paragraph at lines 1633--1657
[] 
 []



[46] (./NEA.aux)
 ***********
LaTeX2e <2024-11-01> patch level 1
L3 programming layer <2024-12-25>
 ***********
 ) 
Here is how much of TeX's memory you used:
 35307 strings out of 475177
 829545 string characters out of 5763895
 1737370 words of memory out of 5000000
 57447 multiletter control sequences out of 15000+600000
 565032 words of font info for 59 fonts, out of 8000000 for 9000
 14 hyphenation exceptions out of 8191
 114i,12n,121p,938b,1624s stack positions out of 10000i,1000n,20000p,200000b,200000s
<c:/Users/JSnelson/AppData/Roaming/TinyTeX/texmf-dist/fonts/type1/public/amsfonts/cm/cmbx10.pfb><c:/Users/JSnelson/AppData/Roaming/TinyTeX/texmf-dist/fonts/type1/public/amsfonts/cm/cmbx12.pfb><c:/Users/JSnelson/AppData/Roaming/TinyTeX/texmf-dist/fonts/type1/public/amsfonts/cm/cmmi10.pfb><c:/Users/JSnelson/AppData/Roaming/TinyTeX/texmf-dist/fonts/type1/public/amsfonts/cm/cmr10.pfb><c:/Users/JSnelson/AppData/Roaming/TinyTeX/texmf-dist/fonts/type1/public/amsfonts/cm/cmr12.pfb><c:/Users/JSnelson/AppData/Roaming/TinyTeX/texmf-dist/fonts/type1/public/amsfonts/cm/cmr7.pfb><c:/Users/JSnelson/AppData/Roaming/TinyTeX/texmf-dist/fonts/type1/public/amsfonts/cm/cmsltt10.pfb><c:/Users/JSnelson/AppData/Roaming/TinyTeX/texmf-dist/fonts/type1/public/amsfonts/cm/cmsy10.pfb><c:/Users/JSnelson/AppData/Roaming/TinyTeX/texmf-dist/fonts/type1/public/amsfonts/cm/cmtt10.pfb><c:/Users/JSnelson/AppData/Roaming/TinyTeX/texmf-dist/fonts/type1/public/amsfonts/cm/cmtt8.pfb>
Output written on NEA.pdf (49 pages, 2138228 bytes).
PDF statistics:
 1158 PDF objects out of 1200 (max. 8388607)
 942 compressed objects within 10 object streams
 348 named destinations out of 1000 (max. 500000)
 889 words of extra memory for PDF output out of 10000 (max. 10000000)

